Unity Editor version:    2020.3.48f1 (b805b124c6b7)
Branch:                  2020.3/staging
Build type:              Release
Batch mode:              YES
macOS version:           Version 12.6.5 (Build 21G531)
Darwin version:          21.6.0
Architecture:            x86_64
Running under Rosetta:   NO
Available memory:        8192 MB
Using pre-set license
Pro License: NO

COMMAND LINE ARGUMENTS:
/Applications/Unity/Hub/Editor/2020.3.48f1/Unity.app/Contents/MacOS/Unity
-adb2
-batchMode
-noUpm
-name
AssetImportWorker0
-projectPath
/Users/admin/Documents/Unity 3d/Khotyn Guard
-logFile
Logs/AssetImportWorker0.log
-srvPort
59786
Successfully changed project path to: /Users/admin/Documents/Unity 3d/Khotyn Guard
/Users/admin/Documents/Unity 3d/Khotyn Guard
Using Asset Import Pipeline V2.
Player connection [4798621184] Host "[IP] 192.168.0.103 [Port] 0 [Flags] 2 [Guid] 1392397778 [EditorId] 1392397778 [Version] 1048832 [Id] OSXEditor(0,MacBook-Pro.local) [Debug] 1 [PackageName] OSXEditor [ProjectName] Editor" joined multi-casting on [225.0.0.222:54997]...

Player connection [4798621184] Host "[IP] 192.168.0.103 [Port] 0 [Flags] 2 [Guid] 1392397778 [EditorId] 1392397778 [Version] 1048832 [Id] OSXEditor(0,MacBook-Pro.local) [Debug] 1 [PackageName] OSXEditor [ProjectName] Editor" joined alternative multi-casting on [225.0.0.222:34997]...

Refreshing native plugins compatible for Editor in 44.00 ms, found 2 plugins.
Preloading 0 native plugins for Editor in 0.00 ms.
Initialize engine version: 2020.3.48f1 (b805b124c6b7)
[Subsystems] Discovering subsystems at path /Applications/Unity/Hub/Editor/2020.3.48f1/Unity.app/Contents/Resources/UnitySubsystems
[Subsystems] Discovering subsystems at path /Users/admin/Documents/Unity 3d/Khotyn Guard/Assets
GfxDevice: creating device client; threaded=0
2024-04-16 16:45:04.360 Unity[88810:9446614] Color LCD preferred device: Intel(R) Iris(TM) Plus Graphics 640 (low power)
2024-04-16 16:45:04.360 Unity[88810:9446614] Metal devices available: 1
2024-04-16 16:45:04.360 Unity[88810:9446614] 0: Intel(R) Iris(TM) Plus Graphics 640 (low power)
2024-04-16 16:45:04.360 Unity[88810:9446614] Using device Intel(R) Iris(TM) Plus Graphics 640 (low power)
Initializing Metal device caps: Intel(R) Iris(TM) Plus Graphics 640
Initialize mono
Mono path[0] = '/Applications/Unity/Hub/Editor/2020.3.48f1/Unity.app/Contents/Managed'
Mono path[1] = '/Applications/Unity/Hub/Editor/2020.3.48f1/Unity.app/Contents/MonoBleedingEdge/lib/mono/unityjit'
Mono config path = '/Applications/Unity/Hub/Editor/2020.3.48f1/Unity.app/Contents/MonoBleedingEdge/etc'
Using monoOptions --debugger-agent=transport=dt_socket,embedding=1,server=y,suspend=n,address=127.0.0.1:56810
Begin MonoManager ReloadAssembly
Registering precompiled unity dll's ...
Register platform support module: /Applications/Unity/Hub/Editor/2020.3.48f1/PlaybackEngines/WebGLSupport/UnityEditor.WebGL.Extensions.dll
Register platform support module: /Applications/Unity/Hub/Editor/2020.3.48f1/Unity.app/Contents/PlaybackEngines/MacStandaloneSupport/UnityEditor.OSXStandalone.Extensions.dll
Registered in 0.003868 seconds.
Native extension for OSXStandalone target not found
Native extension for WebGL target not found
Refreshing native plugins compatible for Editor in 39.05 ms, found 2 plugins.
Preloading 0 native plugins for Editor in 0.00 ms.
Mono: successfully reloaded assembly
- Completed reload, in  1.061 seconds
Domain Reload Profiling:
	ReloadAssembly (1062ms)
		BeginReloadAssembly (161ms)
			ExecutionOrderSort (0ms)
			DisableScriptedObjects (0ms)
			BackupInstance (0ms)
			ReleaseScriptingObjects (0ms)
			CreateAndSetChildDomain (1ms)
		EndReloadAssembly (798ms)
			LoadAssemblies (162ms)
			RebuildTransferFunctionScriptingTraits (0ms)
			SetupTypeCache (331ms)
			ReleaseScriptCaches (0ms)
			RebuildScriptCaches (61ms)
			SetupLoadedEditorAssemblies (265ms)
				LogAssemblyErrors (0ms)
				InitializePlatformSupportModulesInManaged (7ms)
				SetLoadedEditorAssemblies (1ms)
				RefreshPlugins (39ms)
				BeforeProcessingInitializeOnLoad (15ms)
				ProcessInitializeOnLoadAttributes (165ms)
				ProcessInitializeOnLoadMethodAttributes (38ms)
				AfterProcessingInitializeOnLoad (0ms)
				EditorAssembliesLoaded (0ms)
			ExecutionOrderSort2 (0ms)
			AwakeInstancesAfterBackupRestoration (0ms)
Platform modules already initialized, skipping
Registering precompiled user dll's ...
Registered in 0.005474 seconds.
Begin MonoManager ReloadAssembly
Native extension for OSXStandalone target not found
Native extension for WebGL target not found
Refreshing native plugins compatible for Editor in 0.32 ms, found 2 plugins.
Preloading 0 native plugins for Editor in 0.00 ms.
Mono: successfully reloaded assembly
- Completed reload, in  1.368 seconds
Domain Reload Profiling:
	ReloadAssembly (1369ms)
		BeginReloadAssembly (208ms)
			ExecutionOrderSort (0ms)
			DisableScriptedObjects (11ms)
			BackupInstance (0ms)
			ReleaseScriptingObjects (0ms)
			CreateAndSetChildDomain (43ms)
		EndReloadAssembly (1082ms)
			LoadAssemblies (122ms)
			RebuildTransferFunctionScriptingTraits (0ms)
			SetupTypeCache (386ms)
			ReleaseScriptCaches (0ms)
			RebuildScriptCaches (70ms)
			SetupLoadedEditorAssemblies (383ms)
				LogAssemblyErrors (0ms)
				InitializePlatformSupportModulesInManaged (6ms)
				SetLoadedEditorAssemblies (1ms)
				RefreshPlugins (0ms)
				BeforeProcessingInitializeOnLoad (78ms)
				ProcessInitializeOnLoadAttributes (285ms)
				ProcessInitializeOnLoadMethodAttributes (11ms)
				AfterProcessingInitializeOnLoad (1ms)
				EditorAssembliesLoaded (0ms)
			ExecutionOrderSort2 (0ms)
			AwakeInstancesAfterBackupRestoration (2ms)
Platform modules already initialized, skipping
Validating Project structure ... 0.001879 seconds.
Shader import version has changed; will reimport all shaders...
Upgrading shader files ...0.021867 seconds.
Application.AssetDatabase Initial Script Refresh Start
RefreshInfo: InitialScriptRefreshV2(NoUpdateAssetOptions) scanfilter:  ... 1 filters
RefreshProfiler: Total: 0.000ms
Application.AssetDatabase Initial Script Refresh End
Application.AssetDatabase.Refresh Start
Application.AssetDatabase.Refresh End
RefreshInfo: StopAssetImportingV2(ForceSynchronousImport) scanfilter: 
RefreshProfiler: Total: 0.000ms
Launching external process: /Applications/Unity/Hub/Editor/2020.3.48f1/Unity.app/Contents/Tools/UnityShaderCompiler
Launched and connected shader compiler UnityShaderCompiler after 0.02 seconds
Initializing Unity extensions:
2024-04-16 16:45:09.708 Unity[88810:9446614] NSEventModifierFlagFunction specified to -setKeyEquivalentModifierMask: for item <NSMenuItem: 0x7f9b0381ff00 Font Asset, ke='Command-F12'>, but is only supported for system-provided menu items; will not be used
2024-04-16 16:45:09.712 Unity[88810:9446614] NSEventModifierFlagFunction specified to -setKeyEquivalentModifierMask: for item <NSMenuItem: 0x7f9b056bafd0 Font Asset, ke='Command-F12'>, but is only supported for system-provided menu items; will not be used
========================================================================
Worker process is ready to serve import requests
Refreshing native plugins compatible for Editor in 0.39 ms, found 2 plugins.
Preloading 0 native plugins for Editor in 0.00 ms.
Unloading 1344 Unused Serialized files (Serialized files now loaded: 0)
System memory in use before: 82.7 MB.
System memory in use after: 82.0 MB.

Unloading 88 unused Assets to reduce memory usage. Loaded Objects now: 1820.
Total: 4.176798 ms (FindLiveObjects: 0.230940 ms CreateObjectMapping: 0.134118 ms MarkObjects: 3.039831 ms  DeleteObjects: 0.770740 ms)

AssetImportParameters requested are different than current active one (requested -> active):
  custom:video-decoder-ogg-theora: a1e56fd34408186e4bbccfd4996cb3dc -> 
  custom:container-muxer-webm: aa71ff27fc2769a1b78a27578f13a17b -> 
  custom:container-demuxer-webm: 4f35f7cbe854078d1ac9338744f61a02 -> 
  custom:container-demuxer-ogg: 62fdf1f143b41e24485cea50d1cbac27 -> 
  custom:video-encoder-webm-vp8: eb34c28f22e8b96e1ab97ce403110664 -> 
  custom:framework-osx-AVFoundation: e770b220cccbd017edd2c1fefb359320 -> 
  custom:video-decoder-webm-vp8: 9c59270c3fd7afecdb556c50c9e8de78 -> 
  custom:audio-decoder-ogg-vorbis: bf7c407c2cedff20999df2af8eb42d56 -> 
  custom:audio-encoder-webm-vorbis: bf7c407c2cedff20999df2af8eb42d56 -> 
========================================================================
Received Import Request.
  path: Assets/Prefabs/Tiles/Tile_OneGrassCorner.prefab
  artifactKey: Guid(616a046959daa49e09d604f9cc381562) Importer(815301076,1909f56bfc062723c751e8b465ee728b)
Start importing Assets/Prefabs/Tiles/Tile_OneGrassCorner.prefab using Guid(616a046959daa49e09d604f9cc381562) Importer(815301076,1909f56bfc062723c751e8b465ee728b)  -> (artifact id: 'c8e186aeb2759a47098ab1b55d783b87') in 0.532185 seconds 
========================================================================
Received Import Request.
  Time since last request: 0.000356 seconds.
  path: Assets/Prefabs/Tiles/Tile_TwoGreenCorner.prefab
  artifactKey: Guid(45ecb8cbf89cd496b9ed5382e1137206) Importer(815301076,1909f56bfc062723c751e8b465ee728b)
Start importing Assets/Prefabs/Tiles/Tile_TwoGreenCorner.prefab using Guid(45ecb8cbf89cd496b9ed5382e1137206) Importer(815301076,1909f56bfc062723c751e8b465ee728b)  -> (artifact id: '93386c7d463643de1bee365d2a623487') in 0.087270 seconds 
========================================================================
Received Import Request.
  Time since last request: 0.000498 seconds.
  path: Assets/Prefabs/Tiles/Tile_ThreeGreenCorner.prefab
  artifactKey: Guid(cbd01b63693514eacb61f092d5c25f52) Importer(815301076,1909f56bfc062723c751e8b465ee728b)
Start importing Assets/Prefabs/Tiles/Tile_ThreeGreenCorner.prefab using Guid(cbd01b63693514eacb61f092d5c25f52) Importer(815301076,1909f56bfc062723c751e8b465ee728b)  -> (artifact id: '07845ec61a6094920feabbeea8ad4e6b') in 0.074977 seconds 
========================================================================
Received Import Request.
  Time since last request: 0.000682 seconds.
  path: Assets/Prefabs/Tiles/Tile_RoadCorner90.prefab
  artifactKey: Guid(494b9754ffea34549841c23630412752) Importer(815301076,1909f56bfc062723c751e8b465ee728b)
Start importing Assets/Prefabs/Tiles/Tile_RoadCorner90.prefab using Guid(494b9754ffea34549841c23630412752) Importer(815301076,1909f56bfc062723c751e8b465ee728b)  -> (artifact id: '49d73d3f8fff010ce629285fa2f434f2') in 0.063844 seconds 
========================================================================
Received Import Request.
  Time since last request: 0.000497 seconds.
  path: Assets/Prefabs/Tiles/Tile_RoadCorner.prefab
  artifactKey: Guid(43420a91a6cdf40ecaadacd27f1949a3) Importer(815301076,1909f56bfc062723c751e8b465ee728b)
Start importing Assets/Prefabs/Tiles/Tile_RoadCorner.prefab using Guid(43420a91a6cdf40ecaadacd27f1949a3) Importer(815301076,1909f56bfc062723c751e8b465ee728b)  -> (artifact id: 'd48b0033f6f4948d49737e18c29e3fe0') in 0.069114 seconds 
========================================================================
Received Import Request.
  Time since last request: 0.000395 seconds.
  path: Assets/Prefabs/Tiles/Tile_RoadCorner270.prefab
  artifactKey: Guid(55daafdb8c8fc4cf08c08cf1700d6b4e) Importer(815301076,1909f56bfc062723c751e8b465ee728b)
Start importing Assets/Prefabs/Tiles/Tile_RoadCorner270.prefab using Guid(55daafdb8c8fc4cf08c08cf1700d6b4e) Importer(815301076,1909f56bfc062723c751e8b465ee728b)  -> (artifact id: '615b7b4f28bf23cf56619b9b480eabd0') in 0.103095 seconds 
========================================================================
Received Import Request.
  Time since last request: 0.003864 seconds.
  path: Assets/Prefabs/Tiles/Tile.prefab
  artifactKey: Guid(ab44d172127de4cf38eb3667a418cd5c) Importer(815301076,1909f56bfc062723c751e8b465ee728b)
Start importing Assets/Prefabs/Tiles/Tile.prefab using Guid(ab44d172127de4cf38eb3667a418cd5c) Importer(815301076,1909f56bfc062723c751e8b465ee728b)  -> (artifact id: '3f11bbf38490069f05edc1ec523f6efe') in 0.214168 seconds 
========================================================================
Received Import Request.
  Time since last request: 0.000297 seconds.
  path: Assets/Prefabs/Tiles/Tile_RoadStraight90.prefab
  artifactKey: Guid(76f2f0405313a412f91acaf364b3a737) Importer(815301076,1909f56bfc062723c751e8b465ee728b)
Start importing Assets/Prefabs/Tiles/Tile_RoadStraight90.prefab using Guid(76f2f0405313a412f91acaf364b3a737) Importer(815301076,1909f56bfc062723c751e8b465ee728b)  -> (artifact id: 'e99a21c224814cf28e3a3c994b748ad3') in 0.058298 seconds 
========================================================================
Received Import Request.
  Time since last request: 0.000349 seconds.
  path: Assets/Prefabs/Tiles/Tile_RoadCorner180.prefab
  artifactKey: Guid(10b04b13b2203443690015d1c985a506) Importer(815301076,1909f56bfc062723c751e8b465ee728b)
Start importing Assets/Prefabs/Tiles/Tile_RoadCorner180.prefab using Guid(10b04b13b2203443690015d1c985a506) Importer(815301076,1909f56bfc062723c751e8b465ee728b)  -> (artifact id: '960972887ee04f11f75eb002d3760db9') in 0.100763 seconds 
========================================================================
Received Import Request.
  Time since last request: 0.000119 seconds.
  path: Assets/Prefabs/Tiles/Tile_Water.prefab
  artifactKey: Guid(e3705781dac164b6391be29903d010aa) Importer(815301076,1909f56bfc062723c751e8b465ee728b)
Start importing Assets/Prefabs/Tiles/Tile_Water.prefab using Guid(e3705781dac164b6391be29903d010aa) Importer(815301076,1909f56bfc062723c751e8b465ee728b)  -> (artifact id: 'bb83cdcf537ea0be31f3421c23efbcda') in 0.108616 seconds 
========================================================================
Received Import Request.
  Time since last request: 0.002055 seconds.
  path: Assets/Prefabs/Tiles/Tile_RoadStraight.prefab
  artifactKey: Guid(0c7972df87898498987f31f109265c0c) Importer(815301076,1909f56bfc062723c751e8b465ee728b)
Start importing Assets/Prefabs/Tiles/Tile_RoadStraight.prefab using Guid(0c7972df87898498987f31f109265c0c) Importer(815301076,1909f56bfc062723c751e8b465ee728b)  -> (artifact id: 'ff95bd15ef8a26c499a6a659574ebb11') in 0.057694 seconds 
